16:43:56|00:00:00|00:00:00.000| Initialization
16:43:56|00:00:00|00:00:00.058| - Host operating system version: 'Microsoft Windows Server 2025 Datacenter, 10.0.26100.0'
16:43:56|00:00:00|00:00:00.062| - Creating new lab definition with name 'PSWedRouterLab'
16:43:56|00:00:00|00:00:00.082| - Location of lab definition files will be 'E:\AutomatedLab/Labs/PSWedRouterLab'
16:43:56|00:00:00|00:00:00.121| - Location of LabSources folder is 'E:\LabSources'
16:43:56|00:00:00|00:00:00.000| - Auto-adding ISO files
16:43:56|00:00:00|00:00:00.040|   - Scanning 3 files for operating systemsFound 18 OS images.
16:44:04|00:00:07|00:00:07.828|   - Added 'E:\LabSources\ISOs\en-us_windows_11_business_editions_version_25h2_x64_dvd_41c521e7.iso'
16:44:04|00:00:07|00:00:07.834|   - Added 'E:\LabSources\ISOs\en-us_windows_server_2022_updated_sep_2025_x64_dvd_c3bc267b.iso'
16:44:04|00:00:07|00:00:07.844|   - Added 'E:\LabSources\ISOs\en-us_windows_server_2025_updated_sep_2025_x64_dvd_6d1ad20d.iso'
16:44:04|00:00:08|00:00:07.881|   - Done
16:44:04|00:00:08|00:00:07.885| - Path for VMs specified as 'E:\AutomatedLab-Vms'
16:44:05|00:00:09|00:00:00.000| - Adding Hyper-V machine definition 'RouterLabRouter' (Roles: Routing)
16:44:06|00:00:09|00:00:00.358|   - Done
16:44:06|00:00:09|00:00:00.000| - Adding Hyper-V machine definition 'RoutingLabDC' (Roles: RootDC)
16:44:06|00:00:10|00:00:00.428|   - Done
16:44:07|00:00:10|00:00:00.856| Estimated (additional) local drive space needed for all machines: 4 GB
16:44:07|00:00:10|00:00:00.867| Location of Hyper-V machines will be 'E:\AutomatedLab-Vms'
16:44:07|00:00:10|00:00:00.911| Done
16:44:07|00:00:10|00:00:00.000| Validating lab definition
16:44:09|00:00:12|00:00:01.830| - Success
16:44:09|00:00:13|00:00:02.269| Lab 'PSWedRouterLab' hosted on 'HyperV' imported with 2 machines
16:44:09|00:00:13|00:00:00.000| Creating virtual networks
16:44:09|00:00:13|00:00:00.000| - Creating Hyper-V virtual network 'NATSwitch'
16:44:10|00:00:13|00:00:00.226|   - The network switch 'NATSwitch' already exists, no changes will be made to configuration
16:44:10|00:00:13|00:00:00.000|   - Creating Hyper-V virtual network 'PSWedRouterLab'
16:44:10|00:00:13|00:00:00.127|     - The network switch 'PSWedRouterLab' already exists, no changes will be made to configuration
16:44:10|00:00:13|00:00:00.136|     - Done
16:44:10|00:00:13|00:00:00.175|   - done
16:44:10|00:00:13|00:00:00.000|   - Creating base images
16:44:11|00:00:15|00:00:00.000|     - Creating base image for operating system 'Windows Server 2022 Datacenter (Desktop Experience)'.......................
16:52:12|00:08:16|00:08:00.874|       - Finished creating base image
16:52:13|00:08:17|00:08:02.192|     - Done
16:52:13|00:08:17|00:08:02.198|   - done
16:52:13|00:08:17|00:00:00.000|   - Creating Additional Disks
16:52:15|00:08:19|00:00:01.812|     - Done
16:52:15|00:08:19|00:00:00.000|   - Creating VMs
16:52:15|00:08:19|00:00:00.240|     - The hosts file has been updated with 4 records. Clean them up using 'Remove-Lab' or manually if needed
16:52:15|00:08:19|00:00:00.000|     - Waiting for all machines to finish installing
16:52:15|00:08:19|00:00:00.000|       - Creating HyperV machine 'RouterLabRouter'.....
16:52:29|00:08:32|00:00:13.114|         - Done
16:52:29|00:08:32|00:00:00.000|       - Creating HyperV machine 'RoutingLabDC'.....
16:52:50|00:08:54|00:00:21.259|         - ..............................Done
16:58:43|00:14:46|00:06:14.242|       - Done
16:58:43|00:14:47|00:06:14.689|     - Done
16:58:43|00:14:47|00:00:00.000|   - Installing Root Domain Controllers
16:58:43|00:14:47|00:00:00.137|     - Machines with RootDC role to be installed: 'RoutingLabDC'
16:58:44|00:14:47|00:00:00.231|     - Waiting for machines to start up..
16:59:14|00:15:17|00:00:30.449|     - Waiting for Root Domain Controllers to complete installation of Active Directory and restart.........................done
17:13:06|00:29:10|00:14:22.778|     - Root Domain Controllers have now restarted. Waiting for Active Directory to start up.......
17:18:25|00:34:29|00:19:41.752|     - Done
17:18:25|00:34:29|00:00:00.000|   - Configuring routing
17:18:25|00:34:29|00:00:00.072|     - Waiting for machines with Routing Role to startup...................
17:23:03|00:39:06|00:04:37.518|     - Configuring Routing role...................................
17:29:47|00:45:51|00:11:21.945|     - Waiting for configuration of routing to complete........
17:32:18|00:48:21|00:13:52.684|     - Done
17:32:18|00:48:22|00:00:00.000|   - Starting remaining machines
17:32:18|00:48:22|00:00:00.009|     - Waiting for machines to start up.....
17:32:47|00:48:50|00:00:28.554|     - Done
17:32:47|00:48:50|00:00:00.000|   - Installing RDS certificates of lab machines
17:32:49|00:48:53|00:00:02.425|     - ...
17:33:05|00:49:09|00:00:18.148|     - Done
17:33:05|00:49:09|00:00:00.000|   - Adding lab machines to C:\Users\azureuser/.ssh/known_hosts
17:33:09|00:49:13|00:00:04.508|     - Done

Starting discovery in 58 files.
Discovery found 63 tests in 5.58s.
Running tests.
[+] C:\Program Files\WindowsPowerShell\Modules\AutomatedLabTest\5.59.0\tests\00General.tests.ps1 1.47s (117ms|1.27s)
[+] C:\Program Files\WindowsPowerShell\Modules\AutomatedLabTest\5.59.0\tests\RootDC.tests.ps1 5.49s (4.02s|1.27s)
[+] C:\Program Files\WindowsPowerShell\Modules\AutomatedLabTest\5.59.0\tests\Routing.tests.ps1 37.33s (35.62s|1.6s)
Tests completed in 49.49s
Tests Passed: 8, Failed: 0, Skipped: 0, Inconclusive: 0, NotRun: 55
17:34:00|00:50:04|00:00:54.922|   - ---------------------------------------------------------------------------
17:34:00|00:50:04|00:00:54.936|   - Setting up the lab took 0 hour, 50 minutes and 4 seconds
17:34:00|00:50:04|00:00:54.945|   - Lab name is 'PSWedRouterLab' and is hosted on 'HyperV'. There are 2 machine(s) and 2 network(s) defined.
17:34:00|00:50:04|00:00:54.957|   - ----------------------------- Network Summary -----------------------------
17:34:00|00:50:04|00:00:54.963|   -
17:34:00|00:50:04|00:00:54.970|   - Name           AddressSpace     SwitchType AdapterName           IssuedIpAddresses
17:34:00|00:50:04|00:00:54.975|   - ----           ------------     ---------- -----------           -----------------
17:34:00|00:50:04|00:00:54.982|   - NATSwitch      192.168.100.0/24   Internal vEthernet (NATSwitch)                 0
17:34:00|00:50:04|00:00:54.986|   - PSWedRouterLab 192.168.90.0/24    Internal                                       2
17:34:00|00:50:04|00:00:54.990|   -
17:34:00|00:50:04|00:00:54.994|   - ----------------------------- Domain Summary ------------------------------
17:34:00|00:50:04|00:00:55.068|   -
17:34:00|00:50:04|00:00:55.073|   - Name     Administrator Password  RootDomain
17:34:00|00:50:04|00:00:55.088|   - ----     ------------- --------  ----------
17:34:00|00:50:04|00:00:55.100|   - ch.local Administrator Somepass1
17:34:00|00:50:04|00:00:55.105|   -
17:34:00|00:50:04|00:00:55.116|   - ------------------------- Virtual Machine Summary -------------------------
17:34:00|00:50:04|00:00:55.170|   -
17:34:00|00:50:04|00:00:55.192|   - Name            DomainName IpV4Address  Roles     OperatingSystem                                     Local Admin   Password
17:34:00|00:50:04|00:00:55.208|   - ----            ---------- -----------  -----     ---------------                                     -----------   --------
17:34:00|00:50:04|00:00:55.217|   - RouterLabRouter ch.local   192.168.90.3 {Routing} Windows Server 2022 Datacenter (Desktop Experience) Administrator Somepass1
17:34:00|00:50:04|00:00:55.276|   - RoutingLabDC    ch.local   192.168.90.4 {RootDC}  Windows Server 2025 Datacenter (Desktop Experience) Administrator Somepass1
17:34:00|00:50:04|00:00:55.283|   -
17:34:00|00:50:04|00:00:55.289|   - ---------------------------------------------------------------------------
17:34:00|00:50:04|00:00:55.293|   - Please use the following cmdlets to interact with the machines:
17:34:00|00:50:04|00:00:55.326|   - - Get-LabVMStatus, Get, Start, Restart, Stop, Wait, Connect, Save-LabVM and Wait-LabVMRestart (some of them provide a Wait switch)
17:34:00|00:50:04|00:00:55.342|   - - Invoke-LabCommand, Enter-LabPSSession, Install-LabSoftwarePackage and Install-LabWindowsFeature (do not require credentials and
17:34:00|00:50:04|00:00:55.346|   -   work the same way with Hyper-V and Azure)
17:34:00|00:50:04|00:00:55.353|   - - Checkpoint-LabVM, Restore-LabVMSnapshot and Get-LabVMSnapshot (only for Hyper-V)
17:34:01|00:50:04|00:00:55.559|   - - Get-LabInternetFile downloads files from the internet and places them on LabSources (locally or on Azure)
17:34:01|00:50:04|00:00:55.571|   - ---------------------------------------------------------------------------
